[debug] [2024-08-09T10:34:33.633Z] ----------------------------------------------------------------------
[debug] [2024-08-09T10:34:33.636Z] Command:       C:\Program Files\nodejs\node.exe C:\Program Files\nodejs\node_modules\firebase-tools\lib\bin\firebase.js deploy
[debug] [2024-08-09T10:34:33.636Z] CLI Version:   13.15.0
[debug] [2024-08-09T10:34:33.637Z] Platform:      win32
[debug] [2024-08-09T10:34:33.637Z] Node Version:  v18.20.3
[debug] [2024-08-09T10:34:33.638Z] Time:          Fri Aug 09 2024 13:34:33 GMT+0300 (за східноєвропейським літнім часом)
[debug] [2024-08-09T10:34:33.638Z] ----------------------------------------------------------------------
[debug] 
[debug] [2024-08-09T10:34:33.759Z] > command requires scopes: ["email","openid","https://www.googleapis.com/auth/cloudplatformprojects.readonly","https://www.googleapis.com/auth/firebase","https://www.googleapis.com/auth/cloud-platform"]
[debug] [2024-08-09T10:34:33.760Z] > authorizing via signed-in user (benitaonisenko@gmail.com)
[debug] [2024-08-09T10:34:33.760Z] [iam] checking project flkup-6c8a5 for permissions ["firebase.projects.get","firebasehosting.sites.update"]
[debug] [2024-08-09T10:34:33.763Z] >>> [apiv2][query] POST https://cloudresourcemanager.googleapis.com/v1/projects/flkup-6c8a5:testIamPermissions [none]
[debug] [2024-08-09T10:34:33.764Z] >>> [apiv2][(partial)header] POST https://cloudresourcemanager.googleapis.com/v1/projects/flkup-6c8a5:testIamPermissions x-goog-quota-user=projects/flkup-6c8a5
[debug] [2024-08-09T10:34:33.764Z] >>> [apiv2][body] POST https://cloudresourcemanager.googleapis.com/v1/projects/flkup-6c8a5:testIamPermissions {"permissions":["firebase.projects.get","firebasehosting.sites.update"]}
[debug] [2024-08-09T10:34:34.939Z] <<< [apiv2][status] POST https://cloudresourcemanager.googleapis.com/v1/projects/flkup-6c8a5:testIamPermissions 200
[debug] [2024-08-09T10:34:34.940Z] <<< [apiv2][body] POST https://cloudresourcemanager.googleapis.com/v1/projects/flkup-6c8a5:testIamPermissions {}
[debug] [2024-08-09T10:34:34.940Z] [iam] error while checking permissions, command may fail: FirebaseError: Authorization failed. This account is missing the following required permissions on project flkup-6c8a5:

  firebase.projects.get
  firebasehosting.sites.update
[debug] [2024-08-09T10:34:34.942Z] >>> [apiv2][query] GET https://firebase.googleapis.com/v1beta1/projects/flkup-6c8a5 [none]
[debug] [2024-08-09T10:34:35.436Z] <<< [apiv2][status] GET https://firebase.googleapis.com/v1beta1/projects/flkup-6c8a5 403
[debug] [2024-08-09T10:34:35.436Z] <<< [apiv2][body] GET https://firebase.googleapis.com/v1beta1/projects/flkup-6c8a5 {"error":{"code":403,"message":"The caller does not have permission","status":"PERMISSION_DENIED"}}
[debug] [2024-08-09T10:34:35.438Z] HTTP Error: 403, The caller does not have permission
[debug] [2024-08-09T10:34:35.440Z] FirebaseError: HTTP Error: 403, The caller does not have permission
    at responseToError (C:\Users\macsb\AppData\Roaming\nvm\v18.20.3\node_modules\firebase-tools\lib\responseToError.js:49:12)
    at RetryOperation._fn (C:\Users\macsb\AppData\Roaming\nvm\v18.20.3\node_modules\firebase-tools\lib\apiv2.js:305:77)
    at process.processTicksAndRejections (node:internal/process/task_queues:95:5)
[error] 
[error] Error: Failed to get Firebase project flkup-6c8a5. Please make sure the project exists and your account has permission to access it.
